<?xml version="1.0" encoding="utf-8"?><testsuites name="pytest tests"><testsuite name="pytest" errors="0" failures="0" skipped="0" tests="34" time="5.216" timestamp="2026-08-19T04:26:47.346622+00:00" hostname="agent-env-9732b0cc-929d-46be-981f-d8f753c00ceb"><testcase classname="tests.backend_test.TestAuth" name="test_root" time="0.176" /><testcase classname="tests.backend_test.TestAuth" name="test_login_wrong" time="0.487" /><testcase classname="tests.backend_test.TestExport" name="test_export_excel[individu]" time="0.681" /><testcase classname="tests.backend_test.TestAuth" name="test_me_no_auth" time="0.102" /><testcase classname="tests.backend_test.TestExport" name="test_export_excel[divisi]" time="0.132" /><testcase classname="tests.backend_test.TestExport" name="test_export_excel[perusahaan]" time="0.326" /><testcase classname="tests.backend_test.TestAuth" name="test_me_admin" time="0.449" /><testcase classname="tests.backend_test.TestExport" name="test_export_excel[reward]" time="0.163" /><testcase classname="tests.backend_test.TestAuth" name="test_admin_can_list_users" time="0.183" /><testcase classname="tests.backend_test.TestExport" name="test_export_pdf[individu]" time="0.225" /><testcase classname="tests.backend_test.TestExport" name="test_export_pdf[divisi]" time="0.299" /><testcase classname="tests.backend_test.TestAuth" name="test_karyawan_cannot_list_users" time="0.539" /><testcase classname="tests.backend_test.TestExport" name="test_export_pdf[perusahaan]" time="0.206" /><testcase classname="tests.backend_test.TestMaster" name="test_divisi_list" time="0.157" /><testcase classname="tests.backend_test.TestExport" name="test_export_pdf[reward]" time="0.130" /><testcase classname="tests.backend_test.TestMaster" name="test_jabatan_list" time="0.165" /><testcase classname="tests.backend_test.TestRekap" name="test_rekap_individu" time="0.115" /><testcase classname="tests.backend_test.TestMaster" name="test_karyawan_list" time="0.116" /><testcase classname="tests.backend_test.TestRekap" name="test_rekap_divisi" time="0.133" /><testcase classname="tests.backend_test.TestMaster" name="test_kpi_master_list" time="0.104" /><testcase classname="tests.backend_test.TestRekap" name="test_rekap_perusahaan" time="0.161" /><testcase classname="tests.backend_test.TestMaster" name="test_karyawan_cannot_create_divisi" time="0.126" /><testcase classname="tests.backend_test.TestRekap" name="test_dashboard_overview" time="0.142" /><testcase classname="tests.backend_test.TestMaster" name="test_divisi_crud" time="0.817" /><testcase classname="tests.backend_test.TestRekap" name="test_reward" time="0.116" /><testcase classname="tests.backend_test.TestSetting" name="test_get_setting" time="0.111" /><testcase classname="tests.backend_test.TestSetting" name="test_update_setting" time="0.110" /><testcase classname="tests.backend_test.TestKPI" name="test_target_list" time="0.106" /><testcase classname="tests.backend_test.TestSetting" name="test_supervisor_cannot_update_setting" time="0.537" /><testcase classname="tests.backend_test.TestKPI" name="test_target_bulk" time="0.645" /><testcase classname="tests.backend_test.TestImport" name="test_reimport_template" time="0.527" /><testcase classname="tests.backend_test.TestImport" name="test_supervisor_cannot_import" time="0.108" /><testcase classname="tests.backend_test.TestKPI" name="test_input_list" time="0.139" /><testcase classname="tests.backend_test.TestKPI" name="test_input_bulk" time="0.368" /></testsuite></testsuites>