<?xml version="1.0" encoding="utf-8"?><testsuites name="pytest tests"><testsuite name="pytest" errors="0" failures="2" skipped="0" tests="30" time="6.094" timestamp="2026-08-28T04:24:25.021843+00:00" hostname="agent-env-9732b0cc-929d-46be-981f-d8f753c00ceb"><testcase classname="tests.test_supervisor_divisi.TestAuthDivisi" name="test_login_response_includes_divisi_for_supervisor" time="0.512" /><testcase classname="tests.test_supervisor_divisi.TestAuthDivisi" name="test_me_returns_divisi" time="0.458" /><testcase classname="tests.test_supervisor_divisi.TestAuthDivisi" name="test_login_sets_httponly_cookie" time="0.321" /><testcase classname="tests.test_supervisor_divisi.TestAuthDivisi" name="test_bad_password_401" time="0.320" /><testcase classname="tests.test_supervisor_divisi.TestMonthScoping" name="test_get_month_filter_isolation" time="0.701" /><testcase classname="tests.test_supervisor_divisi.TestMonthScoping" name="test_empty_month_returns_no_rows" time="0.052" /><testcase classname="tests.test_supervisor_divisi.TestMonthScoping" name="test_divisi_filter_only_returns_that_divisi" time="0.055" /><testcase classname="tests.test_supervisor_divisi.TestSupervisorScoping" name="test_get_kpi_input_scoped_to_marketing" time="0.051" /><testcase classname="tests.test_supervisor_divisi.TestSupervisorScoping" name="test_supervisor_cannot_override_divisi_param" time="0.104" /><testcase classname="tests.test_supervisor_divisi.TestSupervisorScoping" name="test_supervisor_save_is_draft_then_submit" time="0.316" /><testcase classname="tests.test_supervisor_divisi.TestSupervisorScoping" name="test_admin_approve_after_submit" time="0.428" /><testcase classname="tests.test_supervisor_divisi.TestSupervisorScoping" name="test_admin_save_is_approved" time="0.161" /><testcase classname="tests.test_supervisor_divisi.TestSupervisorScoping" name="test_supervisor_cross_divisi_write_403" time="0.114" /><testcase classname="tests.test_supervisor_divisi.TestSupervisorScoping" name="test_supervisor_cannot_register_users" time="0.062" /><testcase classname="tests.test_supervisor_divisi.TestKaryawanScoping" name="test_rekap_individu_only_self" time="0.481" /><testcase classname="tests.test_supervisor_divisi.TestKaryawanScoping" name="test_dashboard_personal" time="0.061" /><testcase classname="tests.test_supervisor_divisi.TestKaryawanScoping" name="test_kpi_input_only_own" time="0.058" /><testcase classname="tests.test_supervisor_divisi.TestKaryawanScoping" name="test_reward_forbidden" time="0.061" /><testcase classname="tests.test_supervisor_divisi.TestKaryawanScoping" name="test_karyawan_cannot_write_kpi" time="0.060" /><testcase classname="tests.test_supervisor_divisi.TestRekapFreshness" name="test_rekap_and_reward_reflect_new_realisasi" time="0.443" /><testcase classname="tests.test_supervisor_divisi.TestUserManagement" name="test_register_supervisor_with_divisi" time="0.332" /><testcase classname="tests.test_supervisor_divisi.TestUserManagement" name="test_register_karyawan_with_nik" time="0.277" /><testcase classname="tests.test_supervisor_divisi.TestUserManagement" name="test_register_supervisor_without_divisi_400" time="0.051" /><testcase classname="tests.test_supervisor_divisi.TestUserManagement" name="test_register_karyawan_without_nik_400" time="0.058" /><testcase classname="tests.test_supervisor_divisi.TestUserManagement" name="test_register_supervisor_bad_divisi_400" time="0.053" /><testcase classname="tests.test_supervisor_divisi.TestUserManagement" name="test_register_karyawan_bad_nik_400" time="0.054" /><testcase classname="tests.test_supervisor_divisi.TestUserManagement" name="test_no_orphan_test_users_created" time="0.064" /><testcase classname="tests.test_supervisor_divisi.TestUserManagement" name="test_legacy_supervisors_removed" time="0.053"><failure message="AssertionError: ['devaraahmad@gmail.com', 'karyawan@apgroup.com', 'stephan.eka@apgroup.com', 'supervisor@apgroup.com', 'test_spv_qa@apgroup.com', 'test_kar_qa@apgroup.com']&#10;assert 'supervisor@apgroup.com' not in ['devaraahmad@gmail.com', 'karyawan@apgroup.com', 'stephan.eka@apgroup.com', 'supervisor@apgroup.com', 'test_spv_qa@apgroup.com', 'test_kar_qa@apgroup.com']">tests/test_supervisor_divisi.py:333: in test_legacy_supervisors_removed
    assert "supervisor@apgroup.com" not in emails, emails
E   AssertionError: ['devaraahmad@gmail.com', 'karyawan@apgroup.com', 'stephan.eka@apgroup.com', 'supervisor@apgroup.com', 'test_spv_qa@apgroup.com', 'test_kar_qa@apgroup.com']
E   assert 'supervisor@apgroup.com' not in ['devaraahmad@gmail.com', 'karyawan@apgroup.com', 'stephan.eka@apgroup.com', 'supervisor@apgroup.com', 'test_spv_qa@apgroup.com', 'test_kar_qa@apgroup.com']</failure></testcase><testcase classname="tests.test_supervisor_divisi.TestUserManagement" name="test_all_supervisors_have_divisi" time="0.053"><failure message="AssertionError: supervisors without divisi: ['supervisor@apgroup.com']&#10;assert not ['supervisor@apgroup.com']">tests/test_supervisor_divisi.py:338: in test_all_supervisors_have_divisi
    assert not bad, f"supervisors without divisi: {bad}"
E   AssertionError: supervisors without divisi: ['supervisor@apgroup.com']
E   assert not ['supervisor@apgroup.com']</failure></testcase><testcase classname="tests.test_supervisor_divisi.TestUserManagement" name="test_cleanup" time="0.161" /></testsuite></testsuites>