<?xml version="1.0" encoding="utf-8"?><testsuites name="pytest tests"><testsuite name="pytest" errors="0" failures="2" skipped="0" tests="21" time="5.140" timestamp="2026-08-28T04:15:27.522548+00:00" hostname="agent-env-9732b0cc-929d-46be-981f-d8f753c00ceb"><testcase classname="tests.test_supervisor_divisi.TestAuthDivisi" name="test_login_response_includes_divisi_for_supervisor" time="0.600"><failure message="AssertionError: login payload missing divisi: {'id': '5e10fe19-47c0-405e-a885-deb1d05e3d29', 'email': 'stephan.eka@apgroup.com', 'name': 'Stephan Eka', 'role': 'supervisor', 'nik': None, 'token': 'eyJhbGciOiJIUzI1NiIsInR5cCI6IkpXVCJ9.eyJzdWIiOiI1ZTEwZmUxOS00N2MwLTQwNWUtYTg4NS1kZWIxZDA1ZTNkMjkiLCJlbWFpbCI6InN0ZXBoYW4uZWthQGFwZ3JvdXAuY29tIiwicm9sZSI6InN1cGVydmlzb3IiLCJleHAiOjE3ODg0OTUzMjgsInR5cGUiOiJhY2Nlc3MifQ.X0I3fXq02epzE5txUqhHbf5OzNJdEPXWjNI9x-_dn2Q'}&#10;assert None == 'Marketing'&#10; +  where None = &lt;built-in method get of dict object at 0xf9bed5585e00&gt;('divisi')&#10; +    where &lt;built-in method get of dict object at 0xf9bed5585e00&gt; = {'id': '5e10fe19-47c0-405e-a885-deb1d05e3d29', 'email': 'stephan.eka@apgroup.com', 'name': 'Stephan Eka', 'role': 'supervisor', ...}.get">tests/test_supervisor_divisi.py:56: in test_login_response_includes_divisi_for_supervisor
    assert body.get("divisi") == "Marketing", f"login payload missing divisi: {body}"
E   AssertionError: login payload missing divisi: {'id': '5e10fe19-47c0-405e-a885-deb1d05e3d29', 'email': 'stephan.eka@apgroup.com', 'name': 'Stephan Eka', 'role': 'supervisor', 'nik': None, 'token': 'eyJhbGciOiJIUzI1NiIsInR5cCI6IkpXVCJ9.eyJzdWIiOiI1ZTEwZmUxOS00N2MwLTQwNWUtYTg4NS1kZWIxZDA1ZTNkMjkiLCJlbWFpbCI6InN0ZXBoYW4uZWthQGFwZ3JvdXAuY29tIiwicm9sZSI6InN1cGVydmlzb3IiLCJleHAiOjE3ODg0OTUzMjgsInR5cGUiOiJhY2Nlc3MifQ.X0I3fXq02epzE5txUqhHbf5OzNJdEPXWjNI9x-_dn2Q'}
E   assert None == 'Marketing'
E    +  where None = &lt;built-in method get of dict object at 0xf9bed5585e00&gt;('divisi')
E    +    where &lt;built-in method get of dict object at 0xf9bed5585e00&gt; = {'id': '5e10fe19-47c0-405e-a885-deb1d05e3d29', 'email': 'stephan.eka@apgroup.com', 'name': 'Stephan Eka', 'role': 'supervisor', ...}.get</failure></testcase><testcase classname="tests.test_supervisor_divisi.TestAuthDivisi" name="test_me_returns_divisi" time="0.555" /><testcase classname="tests.test_supervisor_divisi.TestAuthDivisi" name="test_login_sets_httponly_cookie" time="0.346" /><testcase classname="tests.test_supervisor_divisi.TestAuthDivisi" name="test_bad_password_401" time="0.360" /><testcase classname="tests.test_supervisor_divisi.TestMonthScoping" name="test_get_month_filter_isolation" time="0.663" /><testcase classname="tests.test_supervisor_divisi.TestMonthScoping" name="test_empty_month_returns_no_rows" time="0.052" /><testcase classname="tests.test_supervisor_divisi.TestMonthScoping" name="test_divisi_filter_only_returns_that_divisi" time="0.059" /><testcase classname="tests.test_supervisor_divisi.TestSupervisorScoping" name="test_get_kpi_input_scoped_to_marketing" time="0.054" /><testcase classname="tests.test_supervisor_divisi.TestSupervisorScoping" name="test_supervisor_cannot_override_divisi_param" time="0.105" /><testcase classname="tests.test_supervisor_divisi.TestSupervisorScoping" name="test_supervisor_save_is_draft_then_submit" time="0.206"><failure message="AssertionError: [{'kode_kpi': 'MKT01', 'nik': 'EMP001', 'bulan': 11, 'tahun': 2026, ...}]&#10;assert ([{'kode_kpi': 'MKT01', 'nik': 'EMP001', 'bulan': 11, 'tahun': 2026, ...}] and 'approved' == 'draft'&#10;  &#10;  - draft&#10;  + approved)">tests/test_supervisor_divisi.py:138: in test_supervisor_save_is_draft_then_submit
    assert mine and mine[0]["status"] == "draft", mine
E   AssertionError: [{'kode_kpi': 'MKT01', 'nik': 'EMP001', 'bulan': 11, 'tahun': 2026, ...}]
E   assert ([{'kode_kpi': 'MKT01', 'nik': 'EMP001', 'bulan': 11, 'tahun': 2026, ...}] and 'approved' == 'draft'
E     
E     - draft
E     + approved)</failure></testcase><testcase classname="tests.test_supervisor_divisi.TestSupervisorScoping" name="test_supervisor_cross_divisi_write_403" time="0.101" /><testcase classname="tests.test_supervisor_divisi.TestSupervisorScoping" name="test_supervisor_cannot_register_users" time="0.049" /><testcase classname="tests.test_supervisor_divisi.TestKaryawanScoping" name="test_rekap_individu_only_self" time="0.450" /><testcase classname="tests.test_supervisor_divisi.TestKaryawanScoping" name="test_dashboard_personal" time="0.057" /><testcase classname="tests.test_supervisor_divisi.TestKaryawanScoping" name="test_kpi_input_only_own" time="0.063" /><testcase classname="tests.test_supervisor_divisi.TestKaryawanScoping" name="test_reward_forbidden" time="0.062" /><testcase classname="tests.test_supervisor_divisi.TestKaryawanScoping" name="test_karyawan_cannot_write_kpi" time="0.053" /><testcase classname="tests.test_supervisor_divisi.TestRekapFreshness" name="test_rekap_and_reward_reflect_new_realisasi" time="0.440" /><testcase classname="tests.test_supervisor_divisi.TestUserManagement" name="test_register_supervisor_with_divisi" time="0.326" /><testcase classname="tests.test_supervisor_divisi.TestUserManagement" name="test_register_karyawan_with_nik" time="0.272" /><testcase classname="tests.test_supervisor_divisi.TestUserManagement" name="test_cleanup" time="0.158" /></testsuite></testsuites>